<?xml version="1.0" encoding="UTF-8"?>
<testng-results skipped="3" failed="0" total="3" passed="0">
  <reporter-output>
  </reporter-output>
  <suite name="Default suite" duration-ms="47" started-at="2012-10-30T16:41:42Z" finished-at="2012-10-30T16:41:42Z">
    <groups>
    </groups>
    <test name="Default test" duration-ms="47" started-at="2012-10-30T16:41:42Z" finished-at="2012-10-30T16:41:42Z">
      <class name="org.springframework.data.hadoop.impala.mapreduce.MapReduceCommandsTest">
        <test-method status="FAIL" signature="setUp()[pri:0, instance:org.springframework.data.hadoop.impala.mapreduce.MapReduceCommandsTest@15ee671]" name="setUp" is-config="true" duration-ms="0" started-at="2012-10-30T16:41:42Z" finished-at="2012-10-30T16:41:42Z">
          <exception class="java.lang.NullPointerException">
            <full-stacktrace>
              <![CDATA[java.lang.NullPointerException
	at org.springframework.data.hadoop.impala.mapreduce.MapReduceCommandsTest.setUp(MapReduceCommandsTest.java:51)
	at sun.reflect.NativeMethodAccessorImpl.invoke0(Native Method)
	at sun.reflect.NativeMethodAccessorImpl.invoke(Unknown Source)
	at sun.reflect.DelegatingMethodAccessorImpl.invoke(Unknown Source)
	at java.lang.reflect.Method.invoke(Unknown Source)
	at org.testng.internal.MethodInvocationHelper.invokeMethod(MethodInvocationHelper.java:80)
	at org.testng.internal.Invoker.invokeConfigurationMethod(Invoker.java:551)
	at org.testng.internal.Invoker.invokeConfigurations(Invoker.java:213)
	at org.testng.internal.Invoker.invokeMethod(Invoker.java:640)
	at org.testng.internal.Invoker.invokeTestMethod(Invoker.java:894)
	at org.testng.internal.Invoker.invokeTestMethods(Invoker.java:1219)
	at org.testng.internal.TestMethodWorker.invokeTestMethods(TestMethodWorker.java:127)
	at org.testng.internal.TestMethodWorker.run(TestMethodWorker.java:111)
	at org.testng.TestRunner.privateRun(TestRunner.java:768)
	at org.testng.TestRunner.run(TestRunner.java:617)
	at org.testng.SuiteRunner.runTest(SuiteRunner.java:334)
	at org.testng.SuiteRunner.runSequentially(SuiteRunner.java:329)
	at org.testng.SuiteRunner.privateRun(SuiteRunner.java:291)
	at org.testng.SuiteRunner.run(SuiteRunner.java:240)
	at org.testng.SuiteRunnerWorker.runSuite(SuiteRunnerWorker.java:53)
	at org.testng.SuiteRunnerWorker.run(SuiteRunnerWorker.java:87)
	at org.testng.TestNG.runSuitesSequentially(TestNG.java:1185)
	at org.testng.TestNG.runSuitesLocally(TestNG.java:1110)
	at org.testng.TestNG.run(TestNG.java:1022)
	at org.testng.remote.RemoteTestNG.run(RemoteTestNG.java:109)
	at org.testng.remote.RemoteTestNG.initAndRun(RemoteTestNG.java:202)
	at org.testng.remote.RemoteTestNG.main(RemoteTestNG.java:173)
]]>
            </full-stacktrace>
          </exception> <!-- java.lang.NullPointerException -->
        </test-method> <!-- setUp -->
        <test-method status="SKIP" signature="setUp()[pri:0, instance:org.springframework.data.hadoop.impala.mapreduce.MapReduceCommandsTest@15ee671]" name="setUp" is-config="true" duration-ms="0" started-at="2012-10-30T16:41:42Z" finished-at="2012-10-30T16:41:42Z">
        </test-method> <!-- setUp -->
        <test-method status="SKIP" signature="testSubmit()[pri:0, instance:org.springframework.data.hadoop.impala.mapreduce.MapReduceCommandsTest@15ee671]" name="testSubmit" duration-ms="0" started-at="2012-10-30T16:41:42Z" finished-at="2012-10-30T16:41:42Z">
        </test-method> <!-- testSubmit -->
        <test-method status="SKIP" signature="testInit()[pri:0, instance:org.springframework.data.hadoop.impala.mapreduce.MapReduceCommandsTest@15ee671]" name="testInit" duration-ms="0" started-at="2012-10-30T16:41:42Z" finished-at="2012-10-30T16:41:42Z">
        </test-method> <!-- testInit -->
        <test-method status="SKIP" signature="setUp()[pri:0, instance:org.springframework.data.hadoop.impala.mapreduce.MapReduceCommandsTest@15ee671]" name="setUp" is-config="true" duration-ms="0" started-at="2012-10-30T16:41:42Z" finished-at="2012-10-30T16:41:42Z">
        </test-method> <!-- setUp -->
        <test-method status="SKIP" signature="tearDown()[pri:0, instance:org.springframework.data.hadoop.impala.mapreduce.MapReduceCommandsTest@15ee671]" name="tearDown" is-config="true" duration-ms="0" started-at="2012-10-30T16:41:42Z" finished-at="2012-10-30T16:41:42Z">
        </test-method> <!-- tearDown -->
        <test-method status="SKIP" signature="tearDown()[pri:0, instance:org.springframework.data.hadoop.impala.mapreduce.MapReduceCommandsTest@15ee671]" name="tearDown" is-config="true" duration-ms="0" started-at="2012-10-30T16:41:42Z" finished-at="2012-10-30T16:41:42Z">
        </test-method> <!-- tearDown -->
        <test-method status="SKIP" signature="tearDown()[pri:0, instance:org.springframework.data.hadoop.impala.mapreduce.MapReduceCommandsTest@15ee671]" name="tearDown" is-config="true" duration-ms="0" started-at="2012-10-30T16:41:42Z" finished-at="2012-10-30T16:41:42Z">
        </test-method> <!-- tearDown -->
        <test-method status="SKIP" signature="testJar()[pri:0, instance:org.springframework.data.hadoop.impala.mapreduce.MapReduceCommandsTest@15ee671]" name="testJar" duration-ms="0" started-at="2012-10-30T16:41:42Z" finished-at="2012-10-30T16:41:42Z">
        </test-method> <!-- testJar -->
      </class> <!-- org.springframework.data.hadoop.impala.mapreduce.MapReduceCommandsTest -->
    </test> <!-- Default test -->
  </suite> <!-- Default suite -->
</testng-results>
