<?xml version="1.0" encoding="UTF-8"?>
<!-- Generated by org.testng.reporters.JUnitXMLReporter -->
<testsuite hostname="CNENWANGJ42L2C" name="Default test" tests="21" failures="0" timestamp="30 Oct 2012 08:38:07 GMT" time="0.079" errors="0">
  <testcase name="@BeforeMethod setUp" time="0.0" classname="org.springframework.data.hadoop.impala.hdfs.FsShellCommandsTest">
    <failure type="java.lang.NullPointerException">
      <![CDATA[java.lang.NullPointerException
	at org.springframework.data.hadoop.impala.hdfs.FsShellCommandsTest.setUp(FsShellCommandsTest.java:49)
	at sun.reflect.NativeMethodAccessorImpl.invoke0(Native Method)
	at sun.reflect.NativeMethodAccessorImpl.invoke(Unknown Source)
	at sun.reflect.DelegatingMethodAccessorImpl.invoke(Unknown Source)
	at java.lang.reflect.Method.invoke(Unknown Source)
	at org.testng.internal.MethodInvocationHelper.invokeMethod(MethodInvocationHelper.java:80)
	at org.testng.internal.Invoker.invokeConfigurationMethod(Invoker.java:551)
	at org.testng.internal.Invoker.invokeConfigurations(Invoker.java:213)
	at org.testng.internal.Invoker.invokeMethod(Invoker.java:640)
	at org.testng.internal.Invoker.invokeTestMethod(Invoker.java:894)
	at org.testng.internal.Invoker.invokeTestMethods(Invoker.java:1219)
	at org.testng.internal.TestMethodWorker.invokeTestMethods(TestMethodWorker.java:127)
	at org.testng.internal.TestMethodWorker.run(TestMethodWorker.java:111)
	at org.testng.TestRunner.privateRun(TestRunner.java:768)
	at org.testng.TestRunner.run(TestRunner.java:617)
	at org.testng.SuiteRunner.runTest(SuiteRunner.java:334)
	at org.testng.SuiteRunner.runSequentially(SuiteRunner.java:329)
	at org.testng.SuiteRunner.privateRun(SuiteRunner.java:291)
	at org.testng.SuiteRunner.run(SuiteRunner.java:240)
	at org.testng.SuiteRunnerWorker.runSuite(SuiteRunnerWorker.java:53)
	at org.testng.SuiteRunnerWorker.run(SuiteRunnerWorker.java:87)
	at org.testng.TestNG.runSuitesSequentially(TestNG.java:1185)
	at org.testng.TestNG.runSuitesLocally(TestNG.java:1110)
	at org.testng.TestNG.run(TestNG.java:1022)
	at org.testng.remote.RemoteTestNG.run(RemoteTestNG.java:109)
	at org.testng.remote.RemoteTestNG.initAndRun(RemoteTestNG.java:202)
	at org.testng.remote.RemoteTestNG.main(RemoteTestNG.java:173)
]]>
    </failure>
  </testcase> <!-- @BeforeMethod setUp -->
  <testcase name="@AfterMethod tearDown" time="0.0" classname="org.springframework.data.hadoop.impala.hdfs.FsShellCommandsTest">
    <skipped/>
  </testcase> <!-- @AfterMethod tearDown -->
  <testcase name="@BeforeMethod setUp" time="0.0" classname="org.springframework.data.hadoop.impala.hdfs.FsShellCommandsTest">
    <skipped/>
  </testcase> <!-- @BeforeMethod setUp -->
  <testcase name="@AfterMethod tearDown" time="0.0" classname="org.springframework.data.hadoop.impala.hdfs.FsShellCommandsTest">
    <skipped/>
  </testcase> <!-- @AfterMethod tearDown -->
  <testcase name="@BeforeMethod setUp" time="0.0" classname="org.springframework.data.hadoop.impala.hdfs.FsShellCommandsTest">
    <skipped/>
  </testcase> <!-- @BeforeMethod setUp -->
  <testcase name="@AfterMethod tearDown" time="0.0" classname="org.springframework.data.hadoop.impala.hdfs.FsShellCommandsTest">
    <skipped/>
  </testcase> <!-- @AfterMethod tearDown -->
  <testcase name="@BeforeMethod setUp" time="0.0" classname="org.springframework.data.hadoop.impala.hdfs.FsShellCommandsTest">
    <skipped/>
  </testcase> <!-- @BeforeMethod setUp -->
  <testcase name="@AfterMethod tearDown" time="0.0" classname="org.springframework.data.hadoop.impala.hdfs.FsShellCommandsTest">
    <skipped/>
  </testcase> <!-- @AfterMethod tearDown -->
  <testcase name="@BeforeMethod setUp" time="0.0" classname="org.springframework.data.hadoop.impala.hdfs.FsShellCommandsTest">
    <skipped/>
  </testcase> <!-- @BeforeMethod setUp -->
  <testcase name="@AfterMethod tearDown" time="0.0" classname="org.springframework.data.hadoop.impala.hdfs.FsShellCommandsTest">
    <skipped/>
  </testcase> <!-- @AfterMethod tearDown -->
  <testcase name="@BeforeMethod setUp" time="0.0" classname="org.springframework.data.hadoop.impala.hdfs.FsShellCommandsTest">
    <skipped/>
  </testcase> <!-- @BeforeMethod setUp -->
  <testcase name="@AfterMethod tearDown" time="0.0" classname="org.springframework.data.hadoop.impala.hdfs.FsShellCommandsTest">
    <skipped/>
  </testcase> <!-- @AfterMethod tearDown -->
  <testcase name="@BeforeMethod setUp" time="0.0" classname="org.springframework.data.hadoop.impala.hdfs.FsShellCommandsTest">
    <skipped/>
  </testcase> <!-- @BeforeMethod setUp -->
  <testcase name="@AfterMethod tearDown" time="0.0" classname="org.springframework.data.hadoop.impala.hdfs.FsShellCommandsTest">
    <skipped/>
  </testcase> <!-- @AfterMethod tearDown -->
  <testcase name="@BeforeMethod setUp" time="0.0" classname="org.springframework.data.hadoop.impala.hdfs.FsShellCommandsTest">
    <skipped/>
  </testcase> <!-- @BeforeMethod setUp -->
  <testcase name="@AfterMethod tearDown" time="0.0" classname="org.springframework.data.hadoop.impala.hdfs.FsShellCommandsTest">
    <skipped/>
  </testcase> <!-- @AfterMethod tearDown -->
  <testcase name="@BeforeMethod setUp" time="0.0" classname="org.springframework.data.hadoop.impala.hdfs.FsShellCommandsTest">
    <skipped/>
  </testcase> <!-- @BeforeMethod setUp -->
  <testcase name="@AfterMethod tearDown" time="0.0" classname="org.springframework.data.hadoop.impala.hdfs.FsShellCommandsTest">
    <skipped/>
  </testcase> <!-- @AfterMethod tearDown -->
  <testcase name="@BeforeMethod setUp" time="0.0" classname="org.springframework.data.hadoop.impala.hdfs.FsShellCommandsTest">
    <skipped/>
  </testcase> <!-- @BeforeMethod setUp -->
  <testcase name="@AfterMethod tearDown" time="0.0" classname="org.springframework.data.hadoop.impala.hdfs.FsShellCommandsTest">
    <skipped/>
  </testcase> <!-- @AfterMethod tearDown -->
  <testcase name="@BeforeMethod setUp" time="0.0" classname="org.springframework.data.hadoop.impala.hdfs.FsShellCommandsTest">
    <skipped/>
  </testcase> <!-- @BeforeMethod setUp -->
  <testcase name="@AfterMethod tearDown" time="0.0" classname="org.springframework.data.hadoop.impala.hdfs.FsShellCommandsTest">
    <skipped/>
  </testcase> <!-- @AfterMethod tearDown -->
  <testcase name="@BeforeMethod setUp" time="0.0" classname="org.springframework.data.hadoop.impala.hdfs.FsShellCommandsTest">
    <skipped/>
  </testcase> <!-- @BeforeMethod setUp -->
  <testcase name="@AfterMethod tearDown" time="0.0" classname="org.springframework.data.hadoop.impala.hdfs.FsShellCommandsTest">
    <skipped/>
  </testcase> <!-- @AfterMethod tearDown -->
  <testcase name="@BeforeMethod setUp" time="0.0" classname="org.springframework.data.hadoop.impala.hdfs.FsShellCommandsTest">
    <skipped/>
  </testcase> <!-- @BeforeMethod setUp -->
  <testcase name="@AfterMethod tearDown" time="0.0" classname="org.springframework.data.hadoop.impala.hdfs.FsShellCommandsTest">
    <skipped/>
  </testcase> <!-- @AfterMethod tearDown -->
  <testcase name="@BeforeMethod setUp" time="0.0" classname="org.springframework.data.hadoop.impala.hdfs.FsShellCommandsTest">
    <skipped/>
  </testcase> <!-- @BeforeMethod setUp -->
  <testcase name="@AfterMethod tearDown" time="0.0" classname="org.springframework.data.hadoop.impala.hdfs.FsShellCommandsTest">
    <skipped/>
  </testcase> <!-- @AfterMethod tearDown -->
  <testcase name="@BeforeMethod setUp" time="0.0" classname="org.springframework.data.hadoop.impala.hdfs.FsShellCommandsTest">
    <skipped/>
  </testcase> <!-- @BeforeMethod setUp -->
  <testcase name="@AfterMethod tearDown" time="0.0" classname="org.springframework.data.hadoop.impala.hdfs.FsShellCommandsTest">
    <skipped/>
  </testcase> <!-- @AfterMethod tearDown -->
  <testcase name="@BeforeMethod setUp" time="0.0" classname="org.springframework.data.hadoop.impala.hdfs.FsShellCommandsTest">
    <skipped/>
  </testcase> <!-- @BeforeMethod setUp -->
  <testcase name="@AfterMethod tearDown" time="0.0" classname="org.springframework.data.hadoop.impala.hdfs.FsShellCommandsTest">
    <skipped/>
  </testcase> <!-- @AfterMethod tearDown -->
  <testcase name="@BeforeMethod setUp" time="0.0" classname="org.springframework.data.hadoop.impala.hdfs.FsShellCommandsTest">
    <skipped/>
  </testcase> <!-- @BeforeMethod setUp -->
  <testcase name="@AfterMethod tearDown" time="0.0" classname="org.springframework.data.hadoop.impala.hdfs.FsShellCommandsTest">
    <skipped/>
  </testcase> <!-- @AfterMethod tearDown -->
  <testcase name="@BeforeMethod setUp" time="0.0" classname="org.springframework.data.hadoop.impala.hdfs.FsShellCommandsTest">
    <skipped/>
  </testcase> <!-- @BeforeMethod setUp -->
  <testcase name="@AfterMethod tearDown" time="0.0" classname="org.springframework.data.hadoop.impala.hdfs.FsShellCommandsTest">
    <skipped/>
  </testcase> <!-- @AfterMethod tearDown -->
  <testcase name="@BeforeMethod setUp" time="0.0" classname="org.springframework.data.hadoop.impala.hdfs.FsShellCommandsTest">
    <skipped/>
  </testcase> <!-- @BeforeMethod setUp -->
  <testcase name="@AfterMethod tearDown" time="0.0" classname="org.springframework.data.hadoop.impala.hdfs.FsShellCommandsTest">
    <skipped/>
  </testcase> <!-- @AfterMethod tearDown -->
  <testcase name="@BeforeMethod setUp" time="0.0" classname="org.springframework.data.hadoop.impala.hdfs.FsShellCommandsTest">
    <skipped/>
  </testcase> <!-- @BeforeMethod setUp -->
  <testcase name="@AfterMethod tearDown" time="0.0" classname="org.springframework.data.hadoop.impala.hdfs.FsShellCommandsTest">
    <skipped/>
  </testcase> <!-- @AfterMethod tearDown -->
  <testcase name="@BeforeMethod setUp" time="0.0" classname="org.springframework.data.hadoop.impala.hdfs.FsShellCommandsTest">
    <skipped/>
  </testcase> <!-- @BeforeMethod setUp -->
  <testcase name="@AfterMethod tearDown" time="0.0" classname="org.springframework.data.hadoop.impala.hdfs.FsShellCommandsTest">
    <skipped/>
  </testcase> <!-- @AfterMethod tearDown -->
  <testcase name="testCat" time="0.0" classname="org.springframework.data.hadoop.impala.hdfs.FsShellCommandsTest">
    <skipped/>
  </testcase> <!-- testCat -->
  <testcase name="testChgrp" time="0.0" classname="org.springframework.data.hadoop.impala.hdfs.FsShellCommandsTest">
    <skipped/>
  </testcase> <!-- testChgrp -->
  <testcase name="testChmod" time="0.0" classname="org.springframework.data.hadoop.impala.hdfs.FsShellCommandsTest">
    <skipped/>
  </testcase> <!-- testChmod -->
  <testcase name="testChown" time="0.0" classname="org.springframework.data.hadoop.impala.hdfs.FsShellCommandsTest">
    <skipped/>
  </testcase> <!-- testChown -->
  <testcase name="testCopyFromLocal" time="0.0" classname="org.springframework.data.hadoop.impala.hdfs.FsShellCommandsTest">
    <skipped/>
  </testcase> <!-- testCopyFromLocal -->
  <testcase name="testCopyMergeToLocal" time="0.0" classname="org.springframework.data.hadoop.impala.hdfs.FsShellCommandsTest">
    <skipped/>
  </testcase> <!-- testCopyMergeToLocal -->
  <testcase name="testCopyToLocal" time="0.0" classname="org.springframework.data.hadoop.impala.hdfs.FsShellCommandsTest">
    <skipped/>
  </testcase> <!-- testCopyToLocal -->
  <testcase name="testCount" time="0.0" classname="org.springframework.data.hadoop.impala.hdfs.FsShellCommandsTest">
    <skipped/>
  </testcase> <!-- testCount -->
  <testcase name="testCp" time="0.0" classname="org.springframework.data.hadoop.impala.hdfs.FsShellCommandsTest">
    <skipped/>
  </testcase> <!-- testCp -->
  <testcase name="testDu" time="0.0" classname="org.springframework.data.hadoop.impala.hdfs.FsShellCommandsTest">
    <skipped/>
  </testcase> <!-- testDu -->
  <testcase name="testExpunge" time="0.0" classname="org.springframework.data.hadoop.impala.hdfs.FsShellCommandsTest">
    <skipped/>
  </testcase> <!-- testExpunge -->
  <testcase name="testGet" time="0.0" classname="org.springframework.data.hadoop.impala.hdfs.FsShellCommandsTest">
    <skipped/>
  </testcase> <!-- testGet -->
  <testcase name="testLs" time="0.0" classname="org.springframework.data.hadoop.impala.hdfs.FsShellCommandsTest">
    <skipped/>
  </testcase> <!-- testLs -->
  <testcase name="testLs_withRecursion" time="0.0" classname="org.springframework.data.hadoop.impala.hdfs.FsShellCommandsTest">
    <skipped/>
  </testcase> <!-- testLs_withRecursion -->
  <testcase name="testMkdir" time="0.0" classname="org.springframework.data.hadoop.impala.hdfs.FsShellCommandsTest">
    <skipped/>
  </testcase> <!-- testMkdir -->
  <testcase name="testMoveFromLocal" time="0.0" classname="org.springframework.data.hadoop.impala.hdfs.FsShellCommandsTest">
    <skipped/>
  </testcase> <!-- testMoveFromLocal -->
  <testcase name="testMv" time="0.0" classname="org.springframework.data.hadoop.impala.hdfs.FsShellCommandsTest">
    <skipped/>
  </testcase> <!-- testMv -->
  <testcase name="testPut" time="0.0" classname="org.springframework.data.hadoop.impala.hdfs.FsShellCommandsTest">
    <skipped/>
  </testcase> <!-- testPut -->
  <testcase name="testRm" time="0.0" classname="org.springframework.data.hadoop.impala.hdfs.FsShellCommandsTest">
    <skipped/>
  </testcase> <!-- testRm -->
  <testcase name="testText" time="0.0" classname="org.springframework.data.hadoop.impala.hdfs.FsShellCommandsTest">
    <skipped/>
  </testcase> <!-- testText -->
  <testcase name="testTouchz" time="0.0" classname="org.springframework.data.hadoop.impala.hdfs.FsShellCommandsTest">
    <skipped/>
  </testcase> <!-- testTouchz -->
</testsuite> <!-- Default test -->
