<?xml version="1.0" encoding="UTF-8"?>
<testng-results skipped="21" failed="0" total="21" passed="0">
  <reporter-output>
  </reporter-output>
  <suite name="Default suite" duration-ms="79" started-at="2012-10-30T16:38:07Z" finished-at="2012-10-30T16:38:07Z">
    <groups>
    </groups>
    <test name="Default test" duration-ms="79" started-at="2012-10-30T16:38:07Z" finished-at="2012-10-30T16:38:07Z">
      <class name="org.springframework.data.hadoop.impala.hdfs.FsShellCommandsTest">
        <test-method status="FAIL" signature="setUp()[pri:0, instance:org.springframework.data.hadoop.impala.hdfs.FsShellCommandsTest@18ee9d6]" name="setUp" is-config="true" duration-ms="0" started-at="2012-10-30T16:38:07Z" finished-at="2012-10-30T16:38:07Z">
          <exception class="java.lang.NullPointerException">
            <full-stacktrace>
              <![CDATA[java.lang.NullPointerException
	at org.springframework.data.hadoop.impala.hdfs.FsShellCommandsTest.setUp(FsShellCommandsTest.java:49)
	at sun.reflect.NativeMethodAccessorImpl.invoke0(Native Method)
	at sun.reflect.NativeMethodAccessorImpl.invoke(Unknown Source)
	at sun.reflect.DelegatingMethodAccessorImpl.invoke(Unknown Source)
	at java.lang.reflect.Method.invoke(Unknown Source)
	at org.testng.internal.MethodInvocationHelper.invokeMethod(MethodInvocationHelper.java:80)
	at org.testng.internal.Invoker.invokeConfigurationMethod(Invoker.java:551)
	at org.testng.internal.Invoker.invokeConfigurations(Invoker.java:213)
	at org.testng.internal.Invoker.invokeMethod(Invoker.java:640)
	at org.testng.internal.Invoker.invokeTestMethod(Invoker.java:894)
	at org.testng.internal.Invoker.invokeTestMethods(Invoker.java:1219)
	at org.testng.internal.TestMethodWorker.invokeTestMethods(TestMethodWorker.java:127)
	at org.testng.internal.TestMethodWorker.run(TestMethodWorker.java:111)
	at org.testng.TestRunner.privateRun(TestRunner.java:768)
	at org.testng.TestRunner.run(TestRunner.java:617)
	at org.testng.SuiteRunner.runTest(SuiteRunner.java:334)
	at org.testng.SuiteRunner.runSequentially(SuiteRunner.java:329)
	at org.testng.SuiteRunner.privateRun(SuiteRunner.java:291)
	at org.testng.SuiteRunner.run(SuiteRunner.java:240)
	at org.testng.SuiteRunnerWorker.runSuite(SuiteRunnerWorker.java:53)
	at org.testng.SuiteRunnerWorker.run(SuiteRunnerWorker.java:87)
	at org.testng.TestNG.runSuitesSequentially(TestNG.java:1185)
	at org.testng.TestNG.runSuitesLocally(TestNG.java:1110)
	at org.testng.TestNG.run(TestNG.java:1022)
	at org.testng.remote.RemoteTestNG.run(RemoteTestNG.java:109)
	at org.testng.remote.RemoteTestNG.initAndRun(RemoteTestNG.java:202)
	at org.testng.remote.RemoteTestNG.main(RemoteTestNG.java:173)
]]>
            </full-stacktrace>
          </exception> <!-- java.lang.NullPointerException -->
        </test-method> <!-- setUp -->
        <test-method status="SKIP" signature="tearDown()[pri:0, instance:org.springframework.data.hadoop.impala.hdfs.FsShellCommandsTest@18ee9d6]" name="tearDown" is-config="true" duration-ms="0" started-at="2012-10-30T16:38:07Z" finished-at="2012-10-30T16:38:07Z">
        </test-method> <!-- tearDown -->
        <test-method status="SKIP" signature="tearDown()[pri:0, instance:org.springframework.data.hadoop.impala.hdfs.FsShellCommandsTest@18ee9d6]" name="tearDown" is-config="true" duration-ms="0" started-at="2012-10-30T16:38:07Z" finished-at="2012-10-30T16:38:07Z">
        </test-method> <!-- tearDown -->
        <test-method status="SKIP" signature="testCat()[pri:0, instance:org.springframework.data.hadoop.impala.hdfs.FsShellCommandsTest@18ee9d6]" name="testCat" duration-ms="0" started-at="2012-10-30T16:38:07Z" finished-at="2012-10-30T16:38:07Z">
        </test-method> <!-- testCat -->
        <test-method status="SKIP" signature="setUp()[pri:0, instance:org.springframework.data.hadoop.impala.hdfs.FsShellCommandsTest@18ee9d6]" name="setUp" is-config="true" duration-ms="0" started-at="2012-10-30T16:38:07Z" finished-at="2012-10-30T16:38:07Z">
        </test-method> <!-- setUp -->
        <test-method status="SKIP" signature="testChgrp()[pri:0, instance:org.springframework.data.hadoop.impala.hdfs.FsShellCommandsTest@18ee9d6]" name="testChgrp" duration-ms="0" started-at="2012-10-30T16:38:07Z" finished-at="2012-10-30T16:38:07Z">
        </test-method> <!-- testChgrp -->
        <test-method status="SKIP" signature="tearDown()[pri:0, instance:org.springframework.data.hadoop.impala.hdfs.FsShellCommandsTest@18ee9d6]" name="tearDown" is-config="true" duration-ms="0" started-at="2012-10-30T16:38:07Z" finished-at="2012-10-30T16:38:07Z">
        </test-method> <!-- tearDown -->
        <test-method status="SKIP" signature="testCopyMergeToLocal()[pri:0, instance:org.springframework.data.hadoop.impala.hdfs.FsShellCommandsTest@18ee9d6]" name="testCopyMergeToLocal" duration-ms="0" started-at="2012-10-30T16:38:07Z" finished-at="2012-10-30T16:38:07Z">
        </test-method> <!-- testCopyMergeToLocal -->
        <test-method status="SKIP" signature="testChown()[pri:0, instance:org.springframework.data.hadoop.impala.hdfs.FsShellCommandsTest@18ee9d6]" name="testChown" duration-ms="0" started-at="2012-10-30T16:38:07Z" finished-at="2012-10-30T16:38:07Z">
        </test-method> <!-- testChown -->
        <test-method status="SKIP" signature="tearDown()[pri:0, instance:org.springframework.data.hadoop.impala.hdfs.FsShellCommandsTest@18ee9d6]" name="tearDown" is-config="true" duration-ms="0" started-at="2012-10-30T16:38:07Z" finished-at="2012-10-30T16:38:07Z">
        </test-method> <!-- tearDown -->
        <test-method status="SKIP" signature="tearDown()[pri:0, instance:org.springframework.data.hadoop.impala.hdfs.FsShellCommandsTest@18ee9d6]" name="tearDown" is-config="true" duration-ms="0" started-at="2012-10-30T16:38:07Z" finished-at="2012-10-30T16:38:07Z">
        </test-method> <!-- tearDown -->
        <test-method status="SKIP" signature="setUp()[pri:0, instance:org.springframework.data.hadoop.impala.hdfs.FsShellCommandsTest@18ee9d6]" name="setUp" is-config="true" duration-ms="0" started-at="2012-10-30T16:38:07Z" finished-at="2012-10-30T16:38:07Z">
        </test-method> <!-- setUp -->
        <test-method status="SKIP" signature="testCopyFromLocal()[pri:0, instance:org.springframework.data.hadoop.impala.hdfs.FsShellCommandsTest@18ee9d6]" name="testCopyFromLocal" duration-ms="0" started-at="2012-10-30T16:38:07Z" finished-at="2012-10-30T16:38:07Z">
        </test-method> <!-- testCopyFromLocal -->
        <test-method status="SKIP" signature="testChmod()[pri:0, instance:org.springframework.data.hadoop.impala.hdfs.FsShellCommandsTest@18ee9d6]" name="testChmod" duration-ms="0" started-at="2012-10-30T16:38:07Z" finished-at="2012-10-30T16:38:07Z">
        </test-method> <!-- testChmod -->
        <test-method status="SKIP" signature="setUp()[pri:0, instance:org.springframework.data.hadoop.impala.hdfs.FsShellCommandsTest@18ee9d6]" name="setUp" is-config="true" duration-ms="0" started-at="2012-10-30T16:38:07Z" finished-at="2012-10-30T16:38:07Z">
        </test-method> <!-- setUp -->
        <test-method status="SKIP" signature="tearDown()[pri:0, instance:org.springframework.data.hadoop.impala.hdfs.FsShellCommandsTest@18ee9d6]" name="tearDown" is-config="true" duration-ms="0" started-at="2012-10-30T16:38:07Z" finished-at="2012-10-30T16:38:07Z">
        </test-method> <!-- tearDown -->
        <test-method status="SKIP" signature="testCount()[pri:0, instance:org.springframework.data.hadoop.impala.hdfs.FsShellCommandsTest@18ee9d6]" name="testCount" duration-ms="0" started-at="2012-10-30T16:38:07Z" finished-at="2012-10-30T16:38:07Z">
        </test-method> <!-- testCount -->
        <test-method status="SKIP" signature="tearDown()[pri:0, instance:org.springframework.data.hadoop.impala.hdfs.FsShellCommandsTest@18ee9d6]" name="tearDown" is-config="true" duration-ms="0" started-at="2012-10-30T16:38:07Z" finished-at="2012-10-30T16:38:07Z">
        </test-method> <!-- tearDown -->
        <test-method status="SKIP" signature="tearDown()[pri:0, instance:org.springframework.data.hadoop.impala.hdfs.FsShellCommandsTest@18ee9d6]" name="tearDown" is-config="true" duration-ms="0" started-at="2012-10-30T16:38:07Z" finished-at="2012-10-30T16:38:07Z">
        </test-method> <!-- tearDown -->
        <test-method status="SKIP" signature="setUp()[pri:0, instance:org.springframework.data.hadoop.impala.hdfs.FsShellCommandsTest@18ee9d6]" name="setUp" is-config="true" duration-ms="0" started-at="2012-10-30T16:38:07Z" finished-at="2012-10-30T16:38:07Z">
        </test-method> <!-- setUp -->
        <test-method status="SKIP" signature="setUp()[pri:0, instance:org.springframework.data.hadoop.impala.hdfs.FsShellCommandsTest@18ee9d6]" name="setUp" is-config="true" duration-ms="0" started-at="2012-10-30T16:38:07Z" finished-at="2012-10-30T16:38:07Z">
        </test-method> <!-- setUp -->
        <test-method status="SKIP" signature="tearDown()[pri:0, instance:org.springframework.data.hadoop.impala.hdfs.FsShellCommandsTest@18ee9d6]" name="tearDown" is-config="true" duration-ms="0" started-at="2012-10-30T16:38:07Z" finished-at="2012-10-30T16:38:07Z">
        </test-method> <!-- tearDown -->
        <test-method status="SKIP" signature="setUp()[pri:0, instance:org.springframework.data.hadoop.impala.hdfs.FsShellCommandsTest@18ee9d6]" name="setUp" is-config="true" duration-ms="0" started-at="2012-10-30T16:38:07Z" finished-at="2012-10-30T16:38:07Z">
        </test-method> <!-- setUp -->
        <test-method status="SKIP" signature="setUp()[pri:0, instance:org.springframework.data.hadoop.impala.hdfs.FsShellCommandsTest@18ee9d6]" name="setUp" is-config="true" duration-ms="0" started-at="2012-10-30T16:38:07Z" finished-at="2012-10-30T16:38:07Z">
        </test-method> <!-- setUp -->
        <test-method status="SKIP" signature="testDu()[pri:0, instance:org.springframework.data.hadoop.impala.hdfs.FsShellCommandsTest@18ee9d6]" name="testDu" duration-ms="0" started-at="2012-10-30T16:38:07Z" finished-at="2012-10-30T16:38:07Z">
        </test-method> <!-- testDu -->
        <test-method status="SKIP" signature="testCopyToLocal()[pri:0, instance:org.springframework.data.hadoop.impala.hdfs.FsShellCommandsTest@18ee9d6]" name="testCopyToLocal" duration-ms="0" started-at="2012-10-30T16:38:07Z" finished-at="2012-10-30T16:38:07Z">
        </test-method> <!-- testCopyToLocal -->
        <test-method status="SKIP" signature="tearDown()[pri:0, instance:org.springframework.data.hadoop.impala.hdfs.FsShellCommandsTest@18ee9d6]" name="tearDown" is-config="true" duration-ms="0" started-at="2012-10-30T16:38:07Z" finished-at="2012-10-30T16:38:07Z">
        </test-method> <!-- tearDown -->
        <test-method status="SKIP" signature="setUp()[pri:0, instance:org.springframework.data.hadoop.impala.hdfs.FsShellCommandsTest@18ee9d6]" name="setUp" is-config="true" duration-ms="0" started-at="2012-10-30T16:38:07Z" finished-at="2012-10-30T16:38:07Z">
        </test-method> <!-- setUp -->
        <test-method status="SKIP" signature="setUp()[pri:0, instance:org.springframework.data.hadoop.impala.hdfs.FsShellCommandsTest@18ee9d6]" name="setUp" is-config="true" duration-ms="0" started-at="2012-10-30T16:38:07Z" finished-at="2012-10-30T16:38:07Z">
        </test-method> <!-- setUp -->
        <test-method status="SKIP" signature="testCp()[pri:0, instance:org.springframework.data.hadoop.impala.hdfs.FsShellCommandsTest@18ee9d6]" name="testCp" duration-ms="0" started-at="2012-10-30T16:38:07Z" finished-at="2012-10-30T16:38:07Z">
        </test-method> <!-- testCp -->
        <test-method status="SKIP" signature="testLs_withRecursion()[pri:0, instance:org.springframework.data.hadoop.impala.hdfs.FsShellCommandsTest@18ee9d6]" name="testLs_withRecursion" duration-ms="0" started-at="2012-10-30T16:38:07Z" finished-at="2012-10-30T16:38:07Z">
        </test-method> <!-- testLs_withRecursion -->
        <test-method status="SKIP" signature="testMoveFromLocal()[pri:0, instance:org.springframework.data.hadoop.impala.hdfs.FsShellCommandsTest@18ee9d6]" name="testMoveFromLocal" duration-ms="0" started-at="2012-10-30T16:38:07Z" finished-at="2012-10-30T16:38:07Z">
        </test-method> <!-- testMoveFromLocal -->
        <test-method status="SKIP" signature="tearDown()[pri:0, instance:org.springframework.data.hadoop.impala.hdfs.FsShellCommandsTest@18ee9d6]" name="tearDown" is-config="true" duration-ms="0" started-at="2012-10-30T16:38:07Z" finished-at="2012-10-30T16:38:07Z">
        </test-method> <!-- tearDown -->
        <test-method status="SKIP" signature="testLs()[pri:0, instance:org.springframework.data.hadoop.impala.hdfs.FsShellCommandsTest@18ee9d6]" name="testLs" duration-ms="0" started-at="2012-10-30T16:38:07Z" finished-at="2012-10-30T16:38:07Z">
        </test-method> <!-- testLs -->
        <test-method status="SKIP" signature="setUp()[pri:0, instance:org.springframework.data.hadoop.impala.hdfs.FsShellCommandsTest@18ee9d6]" name="setUp" is-config="true" duration-ms="0" started-at="2012-10-30T16:38:07Z" finished-at="2012-10-30T16:38:07Z">
        </test-method> <!-- setUp -->
        <test-method status="SKIP" signature="tearDown()[pri:0, instance:org.springframework.data.hadoop.impala.hdfs.FsShellCommandsTest@18ee9d6]" name="tearDown" is-config="true" duration-ms="0" started-at="2012-10-30T16:38:07Z" finished-at="2012-10-30T16:38:07Z">
        </test-method> <!-- tearDown -->
        <test-method status="SKIP" signature="tearDown()[pri:0, instance:org.springframework.data.hadoop.impala.hdfs.FsShellCommandsTest@18ee9d6]" name="tearDown" is-config="true" duration-ms="0" started-at="2012-10-30T16:38:07Z" finished-at="2012-10-30T16:38:07Z">
        </test-method> <!-- tearDown -->
        <test-method status="SKIP" signature="tearDown()[pri:0, instance:org.springframework.data.hadoop.impala.hdfs.FsShellCommandsTest@18ee9d6]" name="tearDown" is-config="true" duration-ms="0" started-at="2012-10-30T16:38:07Z" finished-at="2012-10-30T16:38:07Z">
        </test-method> <!-- tearDown -->
        <test-method status="SKIP" signature="setUp()[pri:0, instance:org.springframework.data.hadoop.impala.hdfs.FsShellCommandsTest@18ee9d6]" name="setUp" is-config="true" duration-ms="0" started-at="2012-10-30T16:38:07Z" finished-at="2012-10-30T16:38:07Z">
        </test-method> <!-- setUp -->
        <test-method status="SKIP" signature="setUp()[pri:0, instance:org.springframework.data.hadoop.impala.hdfs.FsShellCommandsTest@18ee9d6]" name="setUp" is-config="true" duration-ms="0" started-at="2012-10-30T16:38:07Z" finished-at="2012-10-30T16:38:07Z">
        </test-method> <!-- setUp -->
        <test-method status="SKIP" signature="setUp()[pri:0, instance:org.springframework.data.hadoop.impala.hdfs.FsShellCommandsTest@18ee9d6]" name="setUp" is-config="true" duration-ms="0" started-at="2012-10-30T16:38:07Z" finished-at="2012-10-30T16:38:07Z">
        </test-method> <!-- setUp -->
        <test-method status="SKIP" signature="testMv()[pri:0, instance:org.springframework.data.hadoop.impala.hdfs.FsShellCommandsTest@18ee9d6]" name="testMv" duration-ms="0" started-at="2012-10-30T16:38:07Z" finished-at="2012-10-30T16:38:07Z">
        </test-method> <!-- testMv -->
        <test-method status="SKIP" signature="tearDown()[pri:0, instance:org.springframework.data.hadoop.impala.hdfs.FsShellCommandsTest@18ee9d6]" name="tearDown" is-config="true" duration-ms="0" started-at="2012-10-30T16:38:07Z" finished-at="2012-10-30T16:38:07Z">
        </test-method> <!-- tearDown -->
        <test-method status="SKIP" signature="tearDown()[pri:0, instance:org.springframework.data.hadoop.impala.hdfs.FsShellCommandsTest@18ee9d6]" name="tearDown" is-config="true" duration-ms="0" started-at="2012-10-30T16:38:07Z" finished-at="2012-10-30T16:38:07Z">
        </test-method> <!-- tearDown -->
        <test-method status="SKIP" signature="setUp()[pri:0, instance:org.springframework.data.hadoop.impala.hdfs.FsShellCommandsTest@18ee9d6]" name="setUp" is-config="true" duration-ms="0" started-at="2012-10-30T16:38:07Z" finished-at="2012-10-30T16:38:07Z">
        </test-method> <!-- setUp -->
        <test-method status="SKIP" signature="setUp()[pri:0, instance:org.springframework.data.hadoop.impala.hdfs.FsShellCommandsTest@18ee9d6]" name="setUp" is-config="true" duration-ms="0" started-at="2012-10-30T16:38:07Z" finished-at="2012-10-30T16:38:07Z">
        </test-method> <!-- setUp -->
        <test-method status="SKIP" signature="testMkdir()[pri:0, instance:org.springframework.data.hadoop.impala.hdfs.FsShellCommandsTest@18ee9d6]" name="testMkdir" duration-ms="0" started-at="2012-10-30T16:38:07Z" finished-at="2012-10-30T16:38:07Z">
        </test-method> <!-- testMkdir -->
        <test-method status="SKIP" signature="tearDown()[pri:0, instance:org.springframework.data.hadoop.impala.hdfs.FsShellCommandsTest@18ee9d6]" name="tearDown" is-config="true" duration-ms="0" started-at="2012-10-30T16:38:07Z" finished-at="2012-10-30T16:38:07Z">
        </test-method> <!-- tearDown -->
        <test-method status="SKIP" signature="setUp()[pri:0, instance:org.springframework.data.hadoop.impala.hdfs.FsShellCommandsTest@18ee9d6]" name="setUp" is-config="true" duration-ms="0" started-at="2012-10-30T16:38:07Z" finished-at="2012-10-30T16:38:07Z">
        </test-method> <!-- setUp -->
        <test-method status="SKIP" signature="testRm()[pri:0, instance:org.springframework.data.hadoop.impala.hdfs.FsShellCommandsTest@18ee9d6]" name="testRm" duration-ms="0" started-at="2012-10-30T16:38:07Z" finished-at="2012-10-30T16:38:07Z">
        </test-method> <!-- testRm -->
        <test-method status="SKIP" signature="testPut()[pri:0, instance:org.springframework.data.hadoop.impala.hdfs.FsShellCommandsTest@18ee9d6]" name="testPut" duration-ms="0" started-at="2012-10-30T16:38:07Z" finished-at="2012-10-30T16:38:07Z">
        </test-method> <!-- testPut -->
        <test-method status="SKIP" signature="tearDown()[pri:0, instance:org.springframework.data.hadoop.impala.hdfs.FsShellCommandsTest@18ee9d6]" name="tearDown" is-config="true" duration-ms="0" started-at="2012-10-30T16:38:07Z" finished-at="2012-10-30T16:38:07Z">
        </test-method> <!-- tearDown -->
        <test-method status="SKIP" signature="setUp()[pri:0, instance:org.springframework.data.hadoop.impala.hdfs.FsShellCommandsTest@18ee9d6]" name="setUp" is-config="true" duration-ms="0" started-at="2012-10-30T16:38:07Z" finished-at="2012-10-30T16:38:07Z">
        </test-method> <!-- setUp -->
        <test-method status="SKIP" signature="testExpunge()[pri:0, instance:org.springframework.data.hadoop.impala.hdfs.FsShellCommandsTest@18ee9d6]" name="testExpunge" duration-ms="0" started-at="2012-10-30T16:38:07Z" finished-at="2012-10-30T16:38:07Z">
        </test-method> <!-- testExpunge -->
        <test-method status="SKIP" signature="setUp()[pri:0, instance:org.springframework.data.hadoop.impala.hdfs.FsShellCommandsTest@18ee9d6]" name="setUp" is-config="true" duration-ms="0" started-at="2012-10-30T16:38:07Z" finished-at="2012-10-30T16:38:07Z">
        </test-method> <!-- setUp -->
        <test-method status="SKIP" signature="testGet()[pri:0, instance:org.springframework.data.hadoop.impala.hdfs.FsShellCommandsTest@18ee9d6]" name="testGet" duration-ms="0" started-at="2012-10-30T16:38:07Z" finished-at="2012-10-30T16:38:07Z">
        </test-method> <!-- testGet -->
        <test-method status="SKIP" signature="setUp()[pri:0, instance:org.springframework.data.hadoop.impala.hdfs.FsShellCommandsTest@18ee9d6]" name="setUp" is-config="true" duration-ms="0" started-at="2012-10-30T16:38:07Z" finished-at="2012-10-30T16:38:07Z">
        </test-method> <!-- setUp -->
        <test-method status="SKIP" signature="tearDown()[pri:0, instance:org.springframework.data.hadoop.impala.hdfs.FsShellCommandsTest@18ee9d6]" name="tearDown" is-config="true" duration-ms="0" started-at="2012-10-30T16:38:07Z" finished-at="2012-10-30T16:38:07Z">
        </test-method> <!-- tearDown -->
        <test-method status="SKIP" signature="tearDown()[pri:0, instance:org.springframework.data.hadoop.impala.hdfs.FsShellCommandsTest@18ee9d6]" name="tearDown" is-config="true" duration-ms="0" started-at="2012-10-30T16:38:07Z" finished-at="2012-10-30T16:38:07Z">
        </test-method> <!-- tearDown -->
        <test-method status="SKIP" signature="testTouchz()[pri:0, instance:org.springframework.data.hadoop.impala.hdfs.FsShellCommandsTest@18ee9d6]" name="testTouchz" duration-ms="0" started-at="2012-10-30T16:38:07Z" finished-at="2012-10-30T16:38:07Z">
        </test-method> <!-- testTouchz -->
        <test-method status="SKIP" signature="testText()[pri:0, instance:org.springframework.data.hadoop.impala.hdfs.FsShellCommandsTest@18ee9d6]" name="testText" duration-ms="0" started-at="2012-10-30T16:38:07Z" finished-at="2012-10-30T16:38:07Z">
        </test-method> <!-- testText -->
        <test-method status="SKIP" signature="tearDown()[pri:0, instance:org.springframework.data.hadoop.impala.hdfs.FsShellCommandsTest@18ee9d6]" name="tearDown" is-config="true" duration-ms="0" started-at="2012-10-30T16:38:07Z" finished-at="2012-10-30T16:38:07Z">
        </test-method> <!-- tearDown -->
        <test-method status="SKIP" signature="setUp()[pri:0, instance:org.springframework.data.hadoop.impala.hdfs.FsShellCommandsTest@18ee9d6]" name="setUp" is-config="true" duration-ms="0" started-at="2012-10-30T16:38:07Z" finished-at="2012-10-30T16:38:07Z">
        </test-method> <!-- setUp -->
      </class> <!-- org.springframework.data.hadoop.impala.hdfs.FsShellCommandsTest -->
    </test> <!-- Default test -->
  </suite> <!-- Default suite -->
</testng-results>
